15:50:12.545 Environment Variable value is ------ dev 
15:50:17.095 request:
1 > POST https://dev.phonon.in/c2c/JSONRequest
1 > Accept-Encoding: gzip,deflate
1 > Connection: Keep-Alive
1 > Content-Length: 185
1 > Content-Type: application/json; charset=UTF-8
1 > Host: dev.phonon.in
1 > User-Agent: Apache-HttpClient/4.5.11 (Java/9.0.1)
{"visitor":"919033563398","advertiser":"919638508969","custToken":"1234abcd","udf1":"Vadodara","udf2":"Mr;Test;Test;FromJSON","udf3":"EnquiryID","udf4":"advFirst","udf5":"IC","udf7":""}

15:50:19.180 response time in milliseconds: 2055.85
1 < 200
1 < Access-Control-Allow-Credentials: true
1 < Access-Control-Allow-Headers: Access-Control-Allow-Origin, Access-Control-Allow-Headers, Origin, X-Requested-With, Content-Type
1 < Access-Control-Allow-Methods: GET, POST, OPTIONS
1 < Cache-Control: no-cache, no-store, must-revalidate
1 < Connection: Keep-Alive
1 < Content-Length: 67
1 < Content-Type: application/json;charset=ISO-8859-1
1 < Date: Mon, 08 Jun 2020 10:20:21 GMT
1 < Expires: Thu, 01 Jan 1970 00:00:00 GMT
1 < Keep-Alive: timeout=5, max=100
1 < P3P: CP="DSP COR CURa ADMa DEVo PSAo IVAo IVDo CONa TELo OUR BUS LEG PHY ONL UNI COM NAV DEM PRE LEG", policyref="https://www.phonon.io/privacy-policy/"
1 < Pragma: no-cache
1 < Server: Phonon-Server
1 < Set-Cookie: JSESSIONID=8C46F1B102905C53F120E48428FEB7CF;Path=/c2c; Secure; HttpOnly; SameSite=Lax
1 < Strict-Transport-Security: max-age=63072000; includeSubdomains;
1 < Vary: User-Agent
1 < X-Content-Type-Options: nosniff
1 < X-FRAME-OPTIONS: SAMEORIGIN
1 < X-XSS-Protection: 1; mode=block
{"Response":"NACK:Invalid Referrel Parameter:20000000000011030067"}

ed:35440:912653321280"}

